This is pdfTeX, Version 3.14159265-2.6-1.40.17 (TeX Live 2016) (preloaded format=pdflatex 2016.5.22)  1 SEP 2017 17:37
entering extended mode
 restricted \write18 enabled.
 file:line:error style messages enabled.
 %&-line parsing enabled.
**ozgecmis.tex
(./ozgecmis.tex
LaTeX2e <2016/03/31>
Babel <3.9r> and hyphenation patterns for 83 language(s) loaded.
\mysquare=\box26
./ozgecmis.tex:4: Undefined control sequence.
<argument> \textcolor 
                      {black}{\rule [2.3pt]{3.4pt}{3.4pt}}
l.4 ...xtcolor{black}{\rule[2.3pt]{3.4pt}{3.4pt}}}
                                                  
? 
./ozgecmis.tex:4: Emergency stop.
<argument> \textcolor 
                      {black}{\rule [2.3pt]{3.4pt}{3.4pt}}
l.4 ...xtcolor{black}{\rule[2.3pt]{3.4pt}{3.4pt}}}
                                                  
End of file on the terminal!

 
Here is how much of TeX's memory you used:
 7 strings out of 493014
 148 string characters out of 6133351
 53601 words of memory out of 5000000
 3650 multiletter control sequences out of 15000+600000
 3640 words of font info for 14 fonts, out of 8000000 for 9000
 1141 hyphenation exceptions out of 8191
 6i,0n,12p,81b,9s stack positions out of 5000i,500n,10000p,200000b,80000s
./ozgecmis.tex:4:  ==> Fatal error occurred, no output PDF file produced!
