\BOOKMARK [-1][-]{Doc-Start}{FOREWORD}{}% 1
\BOOKMARK [-1][-]{chapter*.1}{TABLE OF CONTENTS}{}% 2
\BOOKMARK [-1][-]{chapter*.2}{ABBREVIATIONS}{}% 3
\BOOKMARK [-1][-]{chapter*.3}{SYMBOLS}{}% 4
\BOOKMARK [-1][-]{chapter*.4}{LIST OF TABLES}{}% 5
\BOOKMARK [-1][-]{chapter*.5}{LIST OF FIGURES}{}% 6
\BOOKMARK [-1][-]{chapter*.5}{SUMMARY}{}% 7
\BOOKMARK [-1][-]{chapter*.5}{\326ZET}{}% 8
\BOOKMARK [0][-]{chapter.1}{1. INTRODUCTION}{chapter*.5}% 9
\BOOKMARK [1][-]{section.1.1}{Introduction to Nanofluids}{chapter.1}% 10
\BOOKMARK [1][-]{section.1.2}{Literature Review}{chapter.1}% 11
\BOOKMARK [1][-]{section.1.3}{Purpose of Thesis}{chapter.1}% 12
\BOOKMARK [0][-]{chapter.2}{2. MATHEMATICAL MODEL}{chapter*.5}% 13
\BOOKMARK [1][-]{section.2.1}{Channel Flow}{chapter.2}% 14
\BOOKMARK [1][-]{section.2.2}{Entropy Generation}{chapter.2}% 15
\BOOKMARK [1][-]{section.2.3}{Nanofluid Channel Flow}{chapter.2}% 16
\BOOKMARK [1][-]{section.2.4}{Nanofluid Channel Flow Exposed to Inclined Magnetic Field}{chapter.2}% 17
\BOOKMARK [0][-]{chapter.3}{3. GENERALIZED DIFFERENTIAL QUADRATURE METHOD}{chapter*.5}% 18
\BOOKMARK [1][-]{section.3.1}{Motivation and Historical Advance}{chapter.3}% 19
\BOOKMARK [2][-]{figure.caption.16}{Newton-Raphson Method}{section.3.1}% 20
\BOOKMARK [0][-]{chapter.4}{4. ENTROPY GENERATION MINIMIZATION}{chapter*.5}% 21
\BOOKMARK [1][-]{section.4.1}{Motivation and Historical Advance}{chapter.4}% 22
\BOOKMARK [0][-]{chapter.5}{5. SIMULATIONS AND RESULTS}{chapter*.5}% 23
\BOOKMARK [1][-]{section.5.1}{Channel Flow with Suction-Injection}{chapter.5}% 24
\BOOKMARK [1][-]{section.5.2}{Inclined Nanofluid Channel Flow}{chapter.5}% 25
\BOOKMARK [1][-]{section.5.3}{Inclined Nanofluid Channel Flow Exposed to Oriented Magnetic Field}{chapter.5}% 26
\BOOKMARK [0][-]{chapter.6}{6. CONCLUSION}{chapter*.5}% 27
\BOOKMARK [0][-]{chapter.7}{7. FUTURE WORK}{chapter*.5}% 28
\BOOKMARK [0][-]{chapter*.49}{REFERENCES}{chapter*.5}% 29
\BOOKMARK [0][-]{chapter.8}{APPENDICES}{chapter*.5}% 30
\BOOKMARK [1][-]{chapter.1}{APPENDIX A}{chapter.8}% 31
\BOOKMARK [1][-]{section.1.1}{Codes for suction-injection problem}{chapter.8}% 32
\BOOKMARK [1][-]{section.1.2}{Codes for Nanofluid Inclined Channel Flow}{chapter.8}% 33
